2026-05-29 20:28:24 - TrendRadar - INFO - ============================================================
2026-05-29 20:28:24 - TrendRadar - INFO - 📊 TrendRadar v2.2.0 - 热点趋势雷达
2026-05-29 20:28:24 - TrendRadar - INFO - ============================================================
2026-05-29 20:28:24 - TrendRadar - INFO - 以单次脚本模式运行...
2026-05-29 20:28:25 - TrendRadar - INFO - 获取 toutiao 成功（最新数据）
2026-05-29 20:28:26 - TrendRadar - INFO - 获取 baidu 成功（最新数据）
2026-05-29 20:28:27 - TrendRadar - INFO - 获取 wallstreetcn-hot 成功（最新数据）
2026-05-29 20:28:29 - TrendRadar - INFO - 获取 thepaper 成功（最新数据）
2026-05-29 20:28:30 - TrendRadar - INFO - 获取 bilibili-hot-search 成功（缓存数据）
2026-05-29 20:28:31 - TrendRadar - INFO - 获取 cls-hot 成功（最新数据）
2026-05-29 20:28:32 - TrendRadar - INFO - 获取 ifeng 成功（缓存数据）
2026-05-29 20:28:34 - TrendRadar - INFO - 获取 jin10 成功（最新数据）
2026-05-29 20:28:35 - TrendRadar - INFO - 获取 wallstreetcn-quick 成功（缓存数据）
2026-05-29 20:28:36 - TrendRadar - INFO - 获取 tieba 成功（最新数据）
2026-05-29 20:28:38 - TrendRadar - INFO - 获取 weibo 成功（缓存数据）
2026-05-29 20:28:39 - TrendRadar - INFO - 获取 douyin 成功（缓存数据）
2026-05-29 20:28:40 - TrendRadar - INFO - 获取 zhihu 成功（缓存数据）
2026-05-29 20:28:40 - TrendRadar - INFO - 爬取完成 - 成功: ['toutiao', 'baidu', 'wallstreetcn-hot', 'thepaper', 'bilibili-hot-search', 'cls-hot', 'ifeng', 'jin10', 'wallstreetcn-quick', 'tieba', 'weibo', 'douyin', 'zhihu'], 失败: []
2026-05-29 20:28:40 - TrendRadar - INFO - 标题已保存到: output/2026年05月29日/txt/20时28分.txt
2026-05-29 20:28:40 - TrendRadar - INFO - 关键词过滤: 310条 -> 3条匹配
2026-05-29 20:28:41 - TrendRadar - INFO - 事件去重: 3条 -> 3个事件
2026-05-29 20:28:41 - TrendRadar - INFO - ✓ 网络搜索引擎已初始化
2026-05-29 20:28:46 - TrendRadar - INFO - 信息扩充完成: 'vivo S60发布会' - 可信度: 0.75
2026-05-29 20:28:55 - TrendRadar - INFO - 企业微信消息大小: 1544 字节
2026-05-29 20:28:56 - TrendRadar - INFO - 企业微信消息发送成功
2026-05-29 20:28:56 - TrendRadar - INFO - 任务完成！
